-------------------------------------------------------------------------------
Test set: com.example.grpc.DocumentProcessorServiceIT
-------------------------------------------------------------------------------
Tests run: 2, Failures: 0, Errors: 2, Skipped: 0, Time elapsed: 5.849 s <<< FAILURE! -- in com.example.grpc.DocumentProcessorServiceIT
com.example.grpc.DocumentProcessorServiceIT.testGetDocument_NotFound -- Time elapsed: 0.320 s <<< ERROR!
io.quarkus.security.UnauthorizedException
	at io.quarkus.security.runtime.interceptor.check.AuthenticatedCheck.doApply(AuthenticatedCheck.java:38)
	at io.quarkus.security.runtime.interceptor.check.AuthenticatedCheck.apply(AuthenticatedCheck.java:25)
	at io.quarkus.security.spi.runtime.SecurityCheck.nonBlockingApply(SecurityCheck.java:13)
	at io.quarkus.security.runtime.interceptor.SecurityConstrainer$1.apply(SecurityConstrainer.java:54)
	at io.quarkus.security.runtime.interceptor.SecurityConstrainer$1.apply(SecurityConstrainer.java:51)
	at io.smallrye.context.impl.wrappers.SlowContextualFunction.apply(SlowContextualFunction.java:21)
	at io.smallrye.mutiny.operators.uni.UniOnItemTransformToUni$UniOnItemTransformToUniProcessor.performInnerSubscription(UniOnItemTransformToUni.java:68)
	at io.smallrye.mutiny.operators.uni.UniOnItemTransformToUni$UniOnItemTransformToUniProcessor.onItem(UniOnItemTransformToUni.java:57)
	at io.smallrye.mutiny.operators.uni.UniOnItemTransformToUni$UniOnItemTransformToUniProcessor.onItem(UniOnItemTransformToUni.java:60)
	at io.smallrye.mutiny.operators.uni.builders.DefaultUniEmitter.complete(DefaultUniEmitter.java:37)
	at io.smallrye.mutiny.groups.UniOnNull.lambda$failWith$1(UniOnNull.java:46)
	at io.smallrye.context.impl.wrappers.SlowContextualBiConsumer.accept(SlowContextualBiConsumer.java:21)
	at io.smallrye.mutiny.groups.UniOnItem.lambda$transformToUni$4(UniOnItem.java:177)
	at io.smallrye.context.impl.wrappers.SlowContextualConsumer.accept(SlowContextualConsumer.java:21)
	at io.smallrye.mutiny.operators.uni.builders.UniCreateWithEmitter.subscribe(UniCreateWithEmitter.java:22)
	at io.smallrye.mutiny.operators.AbstractUni.subscribe(AbstractUni.java:36)
	at io.smallrye.mutiny.operators.uni.UniOnItemTransformToUni$UniOnItemTransformToUniProcessor.performInnerSubscription(UniOnItemTransformToUni.java:81)
	at io.smallrye.mutiny.operators.uni.UniOnItemTransformToUni$UniOnItemTransformToUniProcessor.onItem(UniOnItemTransformToUni.java:57)
	at io.smallrye.mutiny.operators.uni.builders.UniCreateFromKnownItem$KnownItemSubscription.forward(UniCreateFromKnownItem.java:38)
	at io.smallrye.mutiny.operators.uni.builders.UniCreateFromKnownItem.subscribe(UniCreateFromKnownItem.java:23)
	at io.smallrye.mutiny.operators.AbstractUni.subscribe(AbstractUni.java:36)
	at io.smallrye.mutiny.operators.uni.UniOnItemTransformToUni.subscribe(UniOnItemTransformToUni.java:25)
	at io.smallrye.mutiny.operators.AbstractUni.subscribe(AbstractUni.java:36)
	at io.smallrye.mutiny.operators.uni.UniOnItemTransformToUni.subscribe(UniOnItemTransformToUni.java:25)
	at io.smallrye.mutiny.operators.AbstractUni.subscribe(AbstractUni.java:36)
	at io.smallrye.mutiny.operators.uni.UniOnItemTransformToUni.subscribe(UniOnItemTransformToUni.java:25)
	at io.smallrye.mutiny.operators.AbstractUni.subscribe(AbstractUni.java:36)
	at io.smallrye.mutiny.operators.uni.UniBlockingAwait.await(UniBlockingAwait.java:60)
	at io.smallrye.mutiny.groups.UniAwait.atMost(UniAwait.java:65)
	at io.smallrye.mutiny.groups.UniAwait.indefinitely(UniAwait.java:46)
	at com.example.grpc.DocumentProcessorServiceIT.testGetDocument_NotFound(DocumentProcessorServiceIT.java:72)
	at java.base/java.lang.reflect.Method.invoke(Method.java:568)
	at io.quarkus.test.junit.QuarkusTestExtension.runExtensionMethod(QuarkusTestExtension.java:1013)
	at io.quarkus.test.junit.QuarkusTestExtension.interceptTestMethod(QuarkusTestExtension.java:827)
	at java.base/java.util.ArrayList.forEach(ArrayList.java:1511)
	at java.base/java.util.ArrayList.forEach(ArrayList.java:1511)

com.example.grpc.DocumentProcessorServiceIT.testGetDocument_Success -- Time elapsed: 0.060 s <<< ERROR!
org.hibernate.PersistentObjectException: detached entity passed to persist: com.example.model.Document
	at org.hibernate.event.internal.DefaultPersistEventListener.persist(DefaultPersistEventListener.java:88)
	at org.hibernate.event.internal.DefaultPersistEventListener.onPersist(DefaultPersistEventListener.java:77)
	at org.hibernate.event.internal.DefaultPersistEventListener.onPersist(DefaultPersistEventListener.java:54)
	at org.hibernate.event.service.internal.EventListenerGroupImpl.fireEventOnEachListener(EventListenerGroupImpl.java:127)
	at org.hibernate.internal.SessionImpl.firePersist(SessionImpl.java:755)
	at org.hibernate.internal.SessionImpl.persist(SessionImpl.java:739)
	at io.quarkus.hibernate.orm.runtime.session.TransactionScopedSession.persist(TransactionScopedSession.java:145)
	at org.hibernate.engine.spi.SessionLazyDelegator.persist(SessionLazyDelegator.java:275)
	at org.hibernate.Session_OpdLahisOZ9nWRPXMsEFQmQU03A_Synthetic_ClientProxy.persist(Unknown Source)
	at io.quarkus.hibernate.orm.panache.common.runtime.AbstractJpaOperations.persist(AbstractJpaOperations.java:101)
	at io.quarkus.hibernate.orm.panache.common.runtime.AbstractJpaOperations.persist(AbstractJpaOperations.java:96)
	at io.quarkus.hibernate.orm.panache.PanacheRepositoryBase.persist(PanacheRepositoryBase.java:54)
	at com.example.repository.DocumentRepository_ClientProxy.persist(Unknown Source)
	at com.example.service.DocumentService.createDocument(DocumentService.java:21)
	at com.example.service.DocumentService_Subclass.createDocument$$superforward(Unknown Source)
	at com.example.service.DocumentService_Subclass$$function$$1.apply(Unknown Source)
	at io.quarkus.arc.impl.AroundInvokeInvocationContext.proceed(AroundInvokeInvocationContext.java:73)
	at io.quarkus.arc.impl.AroundInvokeInvocationContext.proceed(AroundInvokeInvocationContext.java:62)
	at io.quarkus.narayana.jta.runtime.interceptor.TransactionalInterceptorBase.invokeInOurTx(TransactionalInterceptorBase.java:136)
	at io.quarkus.narayana.jta.runtime.interceptor.TransactionalInterceptorBase.invokeInOurTx(TransactionalInterceptorBase.java:107)
	at io.quarkus.narayana.jta.runtime.interceptor.TransactionalInterceptorRequired.doIntercept(TransactionalInterceptorRequired.java:38)
	at io.quarkus.narayana.jta.runtime.interceptor.TransactionalInterceptorBase.intercept(TransactionalInterceptorBase.java:61)
	at io.quarkus.narayana.jta.runtime.interceptor.TransactionalInterceptorRequired.intercept(TransactionalInterceptorRequired.java:32)
	at io.quarkus.narayana.jta.runtime.interceptor.TransactionalInterceptorRequired_Bean.intercept(Unknown Source)
	at io.quarkus.arc.impl.InterceptorInvocation.invoke(InterceptorInvocation.java:42)
	at io.quarkus.arc.impl.AroundInvokeInvocationContext.perform(AroundInvokeInvocationContext.java:30)
	at io.quarkus.arc.impl.InvocationContexts.performAroundInvoke(InvocationContexts.java:27)
	at com.example.service.DocumentService_Subclass.createDocument(Unknown Source)
	at com.example.service.DocumentService_ClientProxy.createDocument(Unknown Source)
	at com.example.grpc.DocumentProcessorServiceIT.testGetDocument_Success(DocumentProcessorServiceIT.java:44)
	at java.base/java.lang.reflect.Method.invoke(Method.java:568)
	at io.quarkus.test.junit.QuarkusTestExtension.runExtensionMethod(QuarkusTestExtension.java:1013)
	at io.quarkus.test.junit.QuarkusTestExtension.interceptTestMethod(QuarkusTestExtension.java:827)
	at java.base/java.util.ArrayList.forEach(ArrayList.java:1511)
	at java.base/java.util.ArrayList.forEach(ArrayList.java:1511)

